2023-12-31 18:47:45,900 - __main__ - INFO - Weather in Delhi: 1.43
2024-01-01 10:13:37,417 - __main__ - INFO - Token value: 1234
2024-01-01 10:13:37,594 - __main__ - INFO - Weather in Delhi: 0.41
2024-01-08 10:14:28,325 - __main__ - INFO - Token value: 1234
2024-01-08 10:14:29,183 - __main__ - INFO - Weather in Delhi: -0.43
2024-01-15 10:14:29,417 - __main__ - INFO - Token value: 1234
2024-01-15 10:14:29,951 - __main__ - INFO - Weather in Delhi: -19.37
2024-01-22 10:14:04,462 - __main__ - INFO - Token value: 1234
2024-01-22 10:14:04,730 - __main__ - INFO - Weather in Delhi: -2.14
2024-01-29 10:12:53,275 - __main__ - INFO - Token value: 1234
2024-01-29 10:12:54,134 - __main__ - INFO - Weather in Delhi: 1.2
2024-02-06 10:18:07,312 - __main__ - INFO - Token value: 1234
2024-02-06 10:18:08,068 - __main__ - INFO - Weather in Delhi: -0.84
2024-02-13 10:17:19,921 - __main__ - INFO - Token value: 1234
2024-02-13 10:17:20,431 - __main__ - INFO - Weather in Delhi: -0.81
2024-02-20 10:17:10,697 - __main__ - INFO - Token value: 1234
2024-02-20 10:17:11,066 - __main__ - INFO - Weather in Delhi: 2.89
2024-02-27 10:18:37,324 - __main__ - INFO - Token value: 1234
2024-02-27 10:18:38,126 - __main__ - INFO - Weather in Delhi: 16.0
2024-03-05 10:19:45,361 - __main__ - INFO - Token value: 1234
2024-03-05 10:19:45,704 - __main__ - INFO - Weather in Delhi: 16.11
2024-03-12 10:17:23,559 - __main__ - INFO - Token value: 1234
2024-03-12 10:17:24,324 - __main__ - INFO - Weather in Delhi: 8.45
2024-03-19 10:17:45,612 - __main__ - INFO - Token value: 1234
2024-03-19 10:17:46,228 - __main__ - INFO - Weather in Delhi: -2.12
2024-03-26 10:19:02,795 - __main__ - INFO - Token value: 1234
2024-03-26 10:19:03,517 - __main__ - INFO - Weather in Delhi: 10.4
2024-04-02 10:18:51,349 - __main__ - INFO - Token value: 1234
2024-04-02 10:18:51,799 - __main__ - INFO - Weather in Delhi: 15.58
2024-04-09 10:20:56,714 - __main__ - INFO - Token value: 1234
2024-04-09 10:20:57,538 - __main__ - INFO - Weather in Delhi: 11.37
2024-04-16 10:17:55,424 - __main__ - INFO - Token value: 1234
2024-04-16 10:17:55,923 - __main__ - INFO - Weather in Delhi: 19.42
2024-04-23 10:17:54,726 - __main__ - INFO - Token value: 1234
2024-04-23 10:17:55,567 - __main__ - INFO - Weather in Delhi: 13.0
2024-04-30 10:18:33,746 - __main__ - INFO - Token value: 1234
2024-04-30 10:18:34,594 - __main__ - INFO - Weather in Delhi: 11.66
2024-05-07 10:18:51,172 - __main__ - INFO - Token value: 1234
2024-05-07 10:18:52,019 - __main__ - INFO - Weather in Delhi: 19.95
2024-05-14 10:20:31,249 - __main__ - INFO - Token value: 1234
2024-05-14 10:20:31,794 - __main__ - INFO - Weather in Delhi: 17.67
2024-05-21 10:18:54,636 - __main__ - INFO - Token value: 1234
2024-05-21 10:18:55,172 - __main__ - INFO - Weather in Delhi: 20.05
2024-05-28 10:19:34,609 - __main__ - INFO - Token value: 1234
2024-05-28 10:19:35,380 - __main__ - INFO - Weather in Delhi: 15.9
2024-06-04 10:20:03,751 - __main__ - INFO - Token value: 1234
2024-06-04 10:20:04,013 - __main__ - INFO - Weather in Delhi: 20.51
2024-06-11 10:20:36,614 - __main__ - INFO - Token value: 1234
2024-06-11 10:20:37,588 - __main__ - INFO - Weather in Delhi: 11.98
2024-06-18 10:19:51,014 - __main__ - INFO - Token value: 1234
2024-06-18 10:19:51,367 - __main__ - INFO - Weather in Delhi: 23.01
2024-06-25 10:19:39,041 - __main__ - INFO - Token value: 1234
2024-06-25 10:19:39,316 - __main__ - INFO - Weather in Delhi: 26.63
2024-07-02 10:20:00,268 - __main__ - INFO - Token value: 1234
2024-07-02 10:20:01,005 - __main__ - INFO - Weather in Delhi: 18.39
2024-07-09 10:19:59,177 - __main__ - INFO - Token value: 1234
2024-07-09 10:19:59,677 - __main__ - INFO - Weather in Delhi: 21.31
2024-07-16 10:17:18,044 - __main__ - INFO - Token value: 1234
2024-07-16 10:17:19,294 - __main__ - INFO - Weather in Delhi: 27.42
2024-07-23 10:19:21,618 - __main__ - INFO - Token value: 1234
2024-07-23 10:19:22,146 - __main__ - INFO - Weather in Delhi: 19.63
2024-07-30 10:20:37,678 - __main__ - INFO - Token value: 1234
2024-07-30 10:20:38,366 - __main__ - INFO - Weather in Delhi: 23.61
2024-08-06 10:21:07,354 - __main__ - INFO - Token value: 1234
2024-08-06 10:21:08,134 - __main__ - INFO - Weather in Delhi: 24.09
2024-08-13 10:21:30,109 - __main__ - INFO - Token value: 1234
2024-08-13 10:21:31,465 - __main__ - INFO - Weather in Delhi: 18.43
2024-08-20 10:20:01,316 - __main__ - INFO - Token value: 1234
2024-08-20 10:20:01,919 - __main__ - INFO - Weather in Delhi: 15.16
2024-08-27 10:20:02,616 - __main__ - INFO - Token value: 1234
2024-08-27 10:20:02,994 - __main__ - INFO - Weather in Delhi: 23.27
2024-09-03 10:21:00,142 - __main__ - INFO - Token value: 1234
2024-09-03 10:21:00,657 - __main__ - INFO - Weather in Delhi: 14.26
2024-09-10 10:21:47,976 - __main__ - INFO - Token value: 1234
2024-09-10 10:21:48,968 - __main__ - INFO - Weather in Delhi: 10.56
2024-09-17 10:21:34,377 - __main__ - INFO - Token value: 1234
2024-09-17 10:21:34,596 - __main__ - INFO - Weather in Delhi: 15.85
2024-09-24 10:23:53,480 - __main__ - INFO - Token value: 1234
2024-09-24 10:23:54,358 - __main__ - INFO - Weather in Delhi: 18.84
2024-10-01 10:24:11,364 - __main__ - INFO - Token value: 1234
2024-10-01 10:24:11,980 - __main__ - INFO - Weather in Delhi: 16.05
2024-10-08 10:22:29,455 - __main__ - INFO - Token value: 1234
2024-10-08 10:22:30,659 - __main__ - INFO - Weather in Delhi: 5.75
2024-10-15 10:24:35,407 - __main__ - INFO - Token value: 1234
2024-10-15 10:24:35,633 - __main__ - INFO - Weather in Delhi: 8.63
2024-10-22 10:22:37,151 - __main__ - INFO - Token value: 1234
2024-10-22 10:22:37,940 - __main__ - INFO - Weather in Delhi: 12.12
2024-10-29 10:23:28,058 - __main__ - INFO - Token value: 1234
2024-10-29 10:23:28,233 - __main__ - INFO - Weather in Delhi: 20.48
2024-11-05 10:23:21,569 - __main__ - INFO - Token value: 1234
2024-11-05 10:23:21,861 - __main__ - INFO - Weather in Delhi: 17.67
2024-11-12 10:22:29,609 - __main__ - INFO - Token value: 1234
2024-11-12 10:22:29,918 - __main__ - INFO - Weather in Delhi: 4.31
2024-11-19 10:24:13,976 - __main__ - INFO - Token value: 1234
2024-11-19 10:24:14,170 - __main__ - INFO - Weather in Delhi: 14.46
2024-11-26 10:24:51,466 - __main__ - INFO - Token value: 1234
2024-11-26 10:24:52,170 - __main__ - INFO - Weather in Delhi: -1.51
2024-12-03 10:26:02,926 - __main__ - INFO - Token value: 1234
2024-12-03 10:26:03,487 - __main__ - INFO - Weather in Delhi: -5.25
2024-12-10 10:25:28,347 - __main__ - INFO - Token value: 1234
2024-12-10 10:25:28,816 - __main__ - INFO - Weather in Delhi: 3.52
2024-12-17 10:24:53,132 - __main__ - INFO - Token value: 1234
2024-12-17 10:24:53,438 - __main__ - INFO - Weather in Delhi: 3.77
2024-12-24 10:21:42,161 - __main__ - INFO - Token value: 1234
2024-12-24 10:21:42,928 - __main__ - INFO - Weather in Delhi: 4.62
2024-12-31 10:21:35,300 - __main__ - INFO - Token value: 1234
2024-12-31 10:21:35,851 - __main__ - INFO - Weather in Delhi: 8.24
2025-01-07 10:23:56,051 - __main__ - INFO - Token value: 1234
2025-01-07 10:23:56,808 - __main__ - INFO - Weather in Delhi: -6.25
2025-01-14 10:21:27,183 - __main__ - INFO - Token value: 1234
2025-01-14 10:21:27,996 - __main__ - INFO - Weather in Delhi: -8.78
2025-01-21 10:22:21,803 - __main__ - INFO - Token value: 1234
2025-01-21 10:22:22,484 - __main__ - INFO - Weather in Delhi: -16.84
2025-01-28 10:21:49,250 - __main__ - INFO - Token value: 1234
2025-01-28 10:21:49,429 - __main__ - INFO - Weather in Delhi: 0.2
2025-02-04 10:22:24,671 - __main__ - INFO - Token value: 1234
2025-02-04 10:22:25,391 - __main__ - INFO - Weather in Delhi: 3.2
2025-02-11 10:23:23,017 - __main__ - INFO - Token value: 1234
2025-02-11 10:23:23,470 - __main__ - INFO - Weather in Delhi: 0.84
2025-02-18 10:22:44,878 - __main__ - INFO - Token value: 1234
2025-02-18 10:22:45,546 - __main__ - INFO - Weather in Delhi: -13.58
2025-02-25 10:23:38,570 - __main__ - INFO - Token value: 1234
2025-02-25 10:23:38,999 - __main__ - INFO - Weather in Delhi: 7.34
2025-03-04 10:24:13,456 - __main__ - INFO - Token value: 1234
2025-03-04 10:24:13,598 - __main__ - INFO - Weather in Delhi: 12.86
2025-03-11 10:24:42,058 - __main__ - INFO - Token value: 1234
2025-03-11 10:24:42,408 - __main__ - INFO - Weather in Delhi: 11.17
2025-03-18 10:24:13,544 - __main__ - INFO - Token value: 1234
2025-03-18 10:24:14,298 - __main__ - INFO - Weather in Delhi: 9.7
2025-03-25 10:25:27,145 - __main__ - INFO - Token value: 1234
2025-03-25 10:25:27,716 - __main__ - INFO - Weather in Delhi: 5.81
2025-04-01 10:25:40,611 - __main__ - INFO - Token value: 1234
2025-04-01 10:25:40,886 - __main__ - INFO - Weather in Delhi: 2.76
2025-04-08 10:25:32,477 - __main__ - INFO - Token value: 1234
2025-04-08 10:25:33,233 - __main__ - INFO - Weather in Delhi: -0.94
2025-04-15 10:25:51,173 - __main__ - INFO - Token value: 1234
2025-04-15 10:25:51,860 - __main__ - INFO - Weather in Delhi: 7.89
2025-04-22 10:25:17,761 - __main__ - INFO - Token value: 1234
2025-04-22 10:25:18,444 - __main__ - INFO - Weather in Delhi: 10.21
2025-04-29 10:26:41,657 - __main__ - INFO - Token value: 1234
2025-04-29 10:26:42,119 - __main__ - INFO - Weather in Delhi: 20.03
2025-05-06 10:25:54,884 - __main__ - INFO - Token value: 1234
2025-05-06 10:25:55,216 - __main__ - INFO - Weather in Delhi: 8.38
2025-05-13 10:27:06,385 - __main__ - INFO - Token value: 1234
2025-05-13 10:27:06,722 - __main__ - INFO - Weather in Delhi: 16.71
2025-05-20 10:26:56,118 - __main__ - INFO - Token value: 1234
2025-05-20 10:26:56,825 - __main__ - INFO - Weather in Delhi: 18.19
2025-05-27 10:27:13,883 - __main__ - INFO - Token value: 1234
2025-05-27 10:27:14,609 - __main__ - INFO - Weather in Delhi: 16.12
2025-06-03 10:27:38,950 - __main__ - INFO - Token value: 1234
2025-06-03 10:27:39,212 - __main__ - INFO - Weather in Delhi: 20.74
2025-06-10 10:26:54,246 - __main__ - INFO - Token value: 1234
2025-06-10 10:26:55,035 - __main__ - INFO - Weather in Delhi: 14.97
2025-06-17 10:27:32,210 - __main__ - INFO - Token value: 1234
2025-06-17 10:27:32,785 - __main__ - INFO - Weather in Delhi: 20.98
2025-06-24 10:27:50,100 - __main__ - INFO - Token value: 1234
2025-06-24 10:27:50,817 - __main__ - INFO - Weather in Delhi: 25.71
2025-07-01 10:27:57,040 - __main__ - INFO - Token value: 1234
2025-07-01 10:27:57,796 - __main__ - INFO - Weather in Delhi: 20.67
2025-07-08 10:27:21,161 - __main__ - INFO - Token value: 1234
2025-07-08 10:27:21,579 - __main__ - INFO - Weather in Delhi: 21.64
2025-07-15 10:28:14,945 - __main__ - INFO - Token value: 1234
2025-07-15 10:28:15,476 - __main__ - INFO - Weather in Delhi: 22.37
2025-07-22 10:29:15,672 - __main__ - INFO - Token value: 1234
2025-07-22 10:29:16,050 - __main__ - INFO - Weather in Delhi: 23.4
2025-07-29 10:29:09,509 - __main__ - INFO - Token value: 1234
2025-07-29 10:29:09,839 - __main__ - INFO - Weather in Delhi: 26.12
2025-08-05 10:29:36,182 - __main__ - INFO - Token value: 1234
2025-08-05 10:29:36,589 - __main__ - INFO - Weather in Delhi: 19.0
2025-08-12 10:27:53,312 - __main__ - INFO - Token value: 1234
2025-08-12 10:27:53,824 - __main__ - INFO - Weather in Delhi: 23.34
2025-08-19 10:26:27,168 - __main__ - INFO - Token value: 1234
2025-08-19 10:26:27,903 - __main__ - INFO - Weather in Delhi: 23.82
2025-08-26 10:26:23,933 - __main__ - INFO - Token value: 1234
2025-08-26 10:26:24,251 - __main__ - INFO - Weather in Delhi: 10.65
2025-09-02 10:25:34,490 - __main__ - INFO - Token value: 1234
2025-09-02 10:25:35,025 - __main__ - INFO - Weather in Delhi: 16.72
2025-09-09 10:26:00,113 - __main__ - INFO - Token value: 1234
2025-09-09 10:26:00,390 - __main__ - INFO - Weather in Delhi: 10.07
2025-09-16 10:24:22,662 - __main__ - INFO - Token value: 1234
2025-09-16 10:24:23,547 - __main__ - INFO - Weather in Delhi: 20.46
2025-09-23 10:24:35,820 - __main__ - INFO - Token value: 1234
2025-09-23 10:24:36,327 - __main__ - INFO - Weather in Delhi: 17.97
2025-09-30 10:25:58,408 - __main__ - INFO - Token value: 1234
2025-09-30 10:25:58,905 - __main__ - INFO - Weather in Delhi: 17.76
2025-10-07 10:24:52,191 - __main__ - INFO - Token value: 1234
2025-10-07 10:24:52,915 - __main__ - INFO - Weather in Delhi: 21.07
2025-10-14 10:25:47,813 - __main__ - INFO - Token value: 1234
2025-10-14 10:25:48,190 - __main__ - INFO - Weather in Delhi: 16.85
2025-10-21 10:26:05,867 - __main__ - INFO - Token value: 1234
2025-10-21 10:26:06,245 - __main__ - INFO - Weather in Delhi: 10.03
2025-10-28 10:27:08,579 - __main__ - INFO - Token value: 1234
2025-10-28 10:27:08,748 - __main__ - INFO - Weather in Delhi: 10.66
2025-11-04 10:28:45,658 - __main__ - INFO - Token value: 1234
2025-11-04 10:28:46,381 - __main__ - INFO - Weather in Delhi: 8.16
2025-11-11 10:28:10,021 - __main__ - INFO - Token value: 1234
2025-11-11 10:28:10,580 - __main__ - INFO - Weather in Delhi: -0.86
2025-11-18 10:28:55,131 - __main__ - INFO - Token value: 1234
2025-11-18 10:28:55,585 - __main__ - INFO - Weather in Delhi: 9.15
2025-11-25 10:30:07,178 - __main__ - INFO - Token value: 1234
2025-11-25 10:30:08,050 - __main__ - INFO - Weather in Delhi: 10.89
2025-12-02 10:29:16,589 - __main__ - INFO - Token value: 1234
2025-12-02 10:29:17,062 - __main__ - INFO - Weather in Delhi: -5.25
2025-12-09 10:31:07,827 - __main__ - INFO - Token value: 1234
2025-12-09 10:31:08,569 - __main__ - INFO - Weather in Delhi: 0.11
2025-12-16 10:31:34,044 - __main__ - INFO - Token value: 1234
2025-12-16 10:31:34,536 - __main__ - INFO - Weather in Delhi: -2.13
2025-12-23 10:29:58,261 - __main__ - INFO - Token value: 1234
2025-12-23 10:29:58,633 - __main__ - INFO - Weather in Delhi: 5.97
2025-12-30 10:29:51,929 - __main__ - INFO - Token value: 1234
2025-12-30 10:29:52,293 - __main__ - INFO - Weather in Delhi: -8.45
2026-01-06 10:30:19,203 - __main__ - INFO - Token value: 1234
2026-01-06 10:30:19,695 - __main__ - INFO - Weather in Delhi: 8.9
2026-01-13 10:31:01,759 - __main__ - INFO - Token value: 1234
2026-01-13 10:31:02,166 - __main__ - INFO - Weather in Delhi: 4.31
2026-01-20 10:35:14,092 - __main__ - INFO - Token value: 1234
2026-01-20 10:35:14,565 - __main__ - INFO - Weather in Delhi: -9.2
